Arguments: 
  /usr/local/bin/node /usr/local/bin/yarn

PATH: 
  /usr/local/bin:/usr/bin:/bin:/usr/sbin:/sbin

Yarn version: 
  1.5.1

Node version: 
  11.11.0

Platform: 
  darwin x64

npm manifest: 
  {
    "name": "web-little",
    "version": "0.0.1",
    "description": "webpack + babel + react + jest + eslint 脚手架",
    "main": "index.js",
    "scripts": {
      "test": "echo \"Error: no test specified\" && exit 1",
      "start": "node app.js",
      "build": "webpack --config ./webpack/webpack.pro.config.js"
    },
    "repository": {
      "type": "git",
      "url": "git+https://github.com/xmyxm/web-little.git"
    },
    "keywords": [
      "webpack",
      "babel",
      "react",
      "jest",
      "eslint"
    ],
    "author": "xmyxm",
    "license": "ISC",
    "bugs": {
      "url": "https://github.com/xmyxm/web-little/issues"
    },
    "homepage": "https://github.com/xmyxm/web-little#readme",
    "devDependencies": {
      "@babel/cli": "^7.5.5",
      "@babel/core": "^7.5.5",
      "@babel/plugin-proposal-class-properties": "^7.5.5",
      "@babel/plugin-transform-runtime": "^7.5.5",
      "@babel/preset-env": "^7.5.5",
      "@babel/preset-react": "^7.0.0",
      "@babel/runtime": "^7.5.5",
      "autoprefixer": "^9.6.1",
      "babel-loader": "^8.0.6",
      "clean-webpack-plugin": "^3.0.0",
      "core-js": "^3.1.4",
      "css-loader": "^3.1.0",
      "file-loader": "^4.2.0",
      "html-webpack-plugin": "^3.2.0",
      "image-webpack-loader": "^5.0.0",
      "less": "^3.9.0",
      "less-loader": "^5.0.0",
      "mini-css-extract-plugin": "^0.8.0",
      "open": "^6.4.0",
      "postcss": "^7.0.17",
      "postcss-loader": "^3.0.0",
      "postcss-sprites": "^4.2.1",
      "style-loader": "^0.23.1",
      "url-loader": "^2.1.0",
      "webpack": "^4.39.1",
      "webpack-cli": "^3.3.6",
      "webpack-dev-server": "^3.7.2"
    },
    "dependencies": {
      "react": "^16.9.0",
      "react-dom": "^16.8.6"
    }
  }

yarn manifest: 
  No manifest

Lockfile: 
  No lockfile

Trace: 
  Error: /Users/chenxuanfeng/mydata/web-little/node_modules/phantomjs-prebuilt: Command failed.
  Exit code: 1
  Command: sh
  Arguments: -c node install.js
  Directory: /Users/chenxuanfeng/mydata/web-little/node_modules/phantomjs-prebuilt
  Output:
  PhantomJS not found on PATH
  Downloading https://github.com/Medium/phantomjs/releases/download/v2.1.1/phantomjs-2.1.1-macosx.zip
  Saving to /var/folders/lh/50l71hhn4172bypcbvgsbb7r0000gn/T/phantomjs/phantomjs-2.1.1-macosx.zip
  Receiving...
  
  Error making request.
  Error: read ECONNRESET
      at TLSWrap.onStreamRead (internal/stream_base_commons.js:162:27)
  
  Please report this full log at https://github.com/Medium/phantomjs
      at ProcessTermError.MessageError (/usr/local/lib/node_modules/yarn/lib/cli.js:186:110)
      at new ProcessTermError (/usr/local/lib/node_modules/yarn/lib/cli.js:226:113)
      at ChildProcess.<anonymous> (/usr/local/lib/node_modules/yarn/lib/cli.js:30281:17)
      at ChildProcess.emit (events.js:197:13)
      at maybeClose (internal/child_process.js:984:16)
      at Socket.stream.socket.on (internal/child_process.js:401:11)
      at Socket.emit (events.js:197:13)
      at Pipe._handle.close (net.js:611:12)
